 [INFO] Starting application. 2025-09-11 16:28:02
 [INFO] User 42 performed login in 3.5 seconds. 2025-09-11 16:28:02
 [INFO] Hello World 2025-09-11 16:28:02
 [WARNING] This is a message without placeholders. 2025-09-11 16:28:02
 [INFO] Thread 1: iteration 0 2025-09-11 16:28:02
 [INFO] Thread 2: iteration 0 2025-09-11 16:28:02
 [INFO] Thread 1: iteration 1 2025-09-11 16:28:02
 [INFO] Thread 2: iteration 1 2025-09-11 16:28:02
 [INFO] Thread 2: iteration 2 2025-09-11 16:28:02
 [INFO] Thread 1: iteration 2 2025-09-11 16:28:02
 [INFO] Thread 2: iteration 3 2025-09-11 16:28:02
 [INFO] Thread 1: iteration 3 2025-09-11 16:28:02
 [INFO] Thread 2: iteration 4 2025-09-11 16:28:03
 [INFO] Thread 1: iteration 4 2025-09-11 16:28:03
 [INFO] Starting application. 2025-09-11 16:35:10
 [INFO] User 42 performed login in 3.5 seconds. 2025-09-11 16:35:10
 [INFO] Hello World 2025-09-11 16:35:10
 [WARNING] This is a message without placeholders. 2025-09-11 16:35:10
 [INFO] Thread 1: iteration 0 2025-09-11 16:35:10
 [INFO] Thread 2: iteration 0 2025-09-11 16:35:10
 [INFO] Thread 1: iteration 1 2025-09-11 16:35:10
 [INFO] Thread 2: iteration 1 2025-09-11 16:35:10
 [INFO] Thread 1: iteration 2 2025-09-11 16:35:10
 [INFO] Thread 2: iteration 2 2025-09-11 16:35:10
 [INFO] Thread 1: iteration 3 2025-09-11 16:35:10
 [INFO] Thread 2: iteration 3 2025-09-11 16:35:10
 [INFO] Thread 1: iteration 4 2025-09-11 16:35:10
 [INFO] Thread 2: iteration 4 2025-09-11 16:35:10
 [INFO] Starting application. 2025-09-11 16:35:44
 [INFO] User 42 performed login in 3.5 seconds. 2025-09-11 16:35:44
 [INFO] Hello World 2025-09-11 16:35:44
 [WARNING] This is a message without placeholders. 2025-09-11 16:35:44
 [DEBUG] Multiple placeholders: 1, 2, 3. 2025-09-11 16:35:44
 [INFO] Thread 1: iteration 0 2025-09-11 16:35:44
 [INFO] Thread 2: iteration 0 2025-09-11 16:35:44
 [INFO] Thread 1: iteration 1 2025-09-11 16:35:44
 [INFO] Thread 2: iteration 1 2025-09-11 16:35:44
 [INFO] Thread 2: iteration 2 2025-09-11 16:35:44
 [INFO] Thread 1: iteration 2 2025-09-11 16:35:44
 [INFO] Thread 2: iteration 3 2025-09-11 16:35:44
 [INFO] Thread 1: iteration 3 2025-09-11 16:35:44
 [INFO] Thread 2: iteration 4 2025-09-11 16:35:44
 [INFO] Thread 1: iteration 4 2025-09-11 16:35:44
 [WARNING] This is a message without placeholders. 2025-09-11 16:37:19
